# JRE version: Java(TM) SE Runtime Environment (22.0.1+8) (build 22.0.1+8-16)
# Java VM: Java HotSpot(TM) 64-Bit Server VM (22.0.1+8-16, mixed mode, sharing, tiered, compressed oops, compressed class ptrs, g1 gc, windows-amd64)
GC Precious Log:
 CardTable entry size: 512
 Card Set container configuration: InlinePtr #cards 5 size 8 Array Of Cards #cards 12 size 40 Howl #buckets 4 coarsen threshold 1843 Howl Bitmap #cards 512 size 80 coarsen threshold 460 Card regions per heap region 1 cards per card region 2048
 CPUs: 8 total, 8 available
 Memory: 7932M
 Large Page Support: Disabled
 NUMA Support: Disabled
 Compressed Oops: Enabled (32-bit)
 Heap Region Size: 1M
 Heap Min Capacity: 8M
 Heap Initial Capacity: 124M
 Heap Max Capacity: 2G
 Pre-touch: Disabled
 Parallel Workers: 8
 Concurrent Workers: 2
 Concurrent Refinement Workers: 8
 Periodic GC: Disabled
Heap:
 garbage-first heap   total reserved 2097152K, committed 366592K, used 65743K [0x0000000080000000, 0x0000000100000000)
  region size 1024K, 16 young (16384K), 16 survivors (16384K)
 Metaspace       used 47043K, committed 48512K, reserved 491520K
  class space    used 6764K, committed 7424K, reserved 425984K
GC Heap History (20 events):
Event: 13.011 GC heap after
{Heap after GC invocations=33 (full 0):
 garbage-first heap   total reserved 2097152K, committed 253952K, used 55529K [0x0000000080000000, 0x0000000100000000)
  region size 1024K, 12 young (12288K), 12 survivors (12288K)
 Metaspace       used 47012K, committed 48448K, reserved 491520K
  class space    used 6764K, committed 7424K, reserved 425984K
}
Event: 13.284 GC heap before
{Heap before GC invocations=33 (full 0):
 garbage-first heap   total reserved 2097152K, committed 253952K, used 193769K [0x0000000080000000, 0x0000000100000000)
  region size 1024K, 148 young (151552K), 12 survivors (12288K)
 Metaspace       used 47013K, committed 48448K, reserved 491520K
  class space    used 6764K, committed 7424K, reserved 425984K
}
Event: 13.290 GC heap after
{Heap after GC invocations=34 (full 0):
 garbage-first heap   total reserved 2097152K, committed 305152K, used 56069K [0x0000000080000000, 0x0000000100000000)
  region size 1024K, 12 young (12288K), 12 survivors (12288K)
 Metaspace       used 47013K, committed 48448K, reserved 491520K
  class space    used 6764K, committed 7424K, reserved 425984K
}
Event: 13.650 GC heap before
{Heap before GC invocations=34 (full 0):
 garbage-first heap   total reserved 2097152K, committed 305152K, used 226053K [0x0000000080000000, 0x0000000100000000)
  region size 1024K, 178 young (182272K), 12 survivors (12288K)
 Metaspace       used 47022K, committed 48448K, reserved 491520K
  class space    used 6764K, committed 7424K, reserved 425984K
}
Event: 13.659 GC heap after
{Heap after GC invocations=35 (full 0):
 garbage-first heap   total reserved 2097152K, committed 305152K, used 56604K [0x0000000080000000, 0x0000000100000000)
  region size 1024K, 12 young (12288K), 12 survivors (12288K)
 Metaspace       used 47022K, committed 48448K, reserved 491520K
  class space    used 6764K, committed 7424K, reserved 425984K
}
Event: 13.905 GC heap before
{Heap before GC invocations=35 (full 0):
 garbage-first heap   total reserved 2097152K, committed 305152K, used 226588K [0x0000000080000000, 0x0000000100000000)
  region size 1024K, 178 young (182272K), 12 survivors (12288K)
 Metaspace       used 47030K, committed 48512K, reserved 491520K
  class space    used 6764K, committed 7424K, reserved 425984K
}
Event: 13.913 GC heap after
{Heap after GC invocations=36 (full 0):
 garbage-first heap   total reserved 2097152K, committed 305152K, used 57918K [0x0000000080000000, 0x0000000100000000)
  region size 1024K, 13 young (13312K), 13 survivors (13312K)
 Metaspace       used 47030K, committed 48512K, reserved 491520K
  class space    used 6764K, committed 7424K, reserved 425984K
}
Event: 14.124 GC heap before
{Heap before GC invocations=36 (full 0):
 garbage-first heap   total reserved 2097152K, committed 305152K, used 226878K [0x0000000080000000, 0x0000000100000000)
  region size 1024K, 178 young (182272K), 13 survivors (13312K)
 Metaspace       used 47031K, committed 48512K, reserved 491520K
  class space    used 6764K, committed 7424K, reserved 425984K
}
Event: 14.133 GC heap after
{Heap after GC invocations=37 (full 0):
 garbage-first heap   total reserved 2097152K, committed 305152K, used 59112K [0x0000000080000000, 0x0000000100000000)
  region size 1024K, 14 young (14336K), 14 survivors (14336K)
 Metaspace       used 47031K, committed 48512K, reserved 491520K
  class space    used 6764K, committed 7424K, reserved 425984K
}
Event: 14.330 GC heap before
{Heap before GC invocations=37 (full 0):
 garbage-first heap   total reserved 2097152K, committed 305152K, used 227048K [0x0000000080000000, 0x0000000100000000)
  region size 1024K, 178 young (182272K), 14 survivors (14336K)
 Metaspace       used 47031K, committed 48512K, reserved 491520K
  class space    used 6764K, committed 7424K, reserved 425984K
}
Event: 14.337 GC heap after
{Heap after GC invocations=38 (full 0):
 garbage-first heap   total reserved 2097152K, committed 305152K, used 60057K [0x0000000080000000, 0x0000000100000000)
  region size 1024K, 14 young (14336K), 14 survivors (14336K)
 Metaspace       used 47031K, committed 48512K, reserved 491520K
  class space    used 6764K, committed 7424K, reserved 425984K
}
Event: 14.596 GC heap before
{Heap before GC invocations=38 (full 0):
 garbage-first heap   total reserved 2097152K, committed 305152K, used 229017K [0x0000000080000000, 0x0000000100000000)
  region size 1024K, 178 young (182272K), 14 survivors (14336K)
 Metaspace       used 47033K, committed 48512K, reserved 491520K
  class space    used 6764K, committed 7424K, reserved 425984K
}
Event: 14.604 GC heap after
{Heap after GC invocations=39 (full 0):
 garbage-first heap   total reserved 2097152K, committed 366592K, used 61499K [0x0000000080000000, 0x0000000100000000)
  region size 1024K, 14 young (14336K), 14 survivors (14336K)
 Metaspace       used 47033K, committed 48512K, reserved 491520K
  class space    used 6764K, committed 7424K, reserved 425984K
}
Event: 14.921 GC heap before
{Heap before GC invocations=39 (full 0):
 garbage-first heap   total reserved 2097152K, committed 366592K, used 266299K [0x0000000080000000, 0x0000000100000000)
  region size 1024K, 214 young (219136K), 14 survivors (14336K)
 Metaspace       used 47037K, committed 48512K, reserved 491520K
  class space    used 6764K, committed 7424K, reserved 425984K
}
Event: 14.930 GC heap after
{Heap after GC invocations=40 (full 0):
 garbage-first heap   total reserved 2097152K, committed 366592K, used 63241K [0x0000000080000000, 0x0000000100000000)
  region size 1024K, 16 young (16384K), 16 survivors (16384K)
 Metaspace       used 47037K, committed 48512K, reserved 491520K
  class space    used 6764K, committed 7424K, reserved 425984K
}
Event: 15.245 GC heap before
{Heap before GC invocations=40 (full 0):
 garbage-first heap   total reserved 2097152K, committed 366592K, used 265993K [0x0000000080000000, 0x0000000100000000)
  region size 1024K, 214 young (219136K), 16 survivors (16384K)
 Metaspace       used 47037K, committed 48512K, reserved 491520K
  class space    used 6764K, committed 7424K, reserved 425984K
}
Event: 15.254 GC heap after
{Heap after GC invocations=41 (full 0):
 garbage-first heap   total reserved 2097152K, committed 366592K, used 63907K [0x0000000080000000, 0x0000000100000000)
  region size 1024K, 16 young (16384K), 16 survivors (16384K)
 Metaspace       used 47037K, committed 48512K, reserved 491520K
  class space    used 6764K, committed 7424K, reserved 425984K
}
Event: 15.668 GC heap before
{Heap before GC invocations=41 (full 0):
 garbage-first heap   total reserved 2097152K, committed 366592K, used 266659K [0x0000000080000000, 0x0000000100000000)
  region size 1024K, 214 young (219136K), 16 survivors (16384K)
 Metaspace       used 47039K, committed 48512K, reserved 491520K
  class space    used 6764K, committed 7424K, reserved 425984K
}
Event: 15.682 GC heap after
{Heap after GC invocations=42 (full 0):
 garbage-first heap   total reserved 2097152K, committed 366592K, used 64950K [0x0000000080000000, 0x0000000100000000)
  region size 1024K, 16 young (16384K), 16 survivors (16384K)
 Metaspace       used 47039K, committed 48512K, reserved 491520K
  class space    used 6764K, committed 7424K, reserved 425984K
}
Event: 16.118 GC heap before
{Heap before GC invocations=42 (full 0):
 garbage-first heap   total reserved 2097152K, committed 366592K, used 268726K [0x0000000080000000, 0x0000000100000000)
  region size 1024K, 214 young (219136K), 16 survivors (16384K)
 Metaspace       used 47043K, committed 48512K, reserved 491520K
  class space    used 6764K, committed 7424K, reserved 425984K
}

