# JRE version: Java(TM) SE Runtime Environment (22.0.1+8) (build 22.0.1+8-16)
# Java VM: Java HotSpot(TM) 64-Bit Server VM (22.0.1+8-16, mixed mode, sharing, tiered, compressed oops, compressed class ptrs, g1 gc, windows-amd64)
GC Precious Log:
 CardTable entry size: 512
 Card Set container configuration: InlinePtr #cards 5 size 8 Array Of Cards #cards 12 size 40 Howl #buckets 4 coarsen threshold 1843 Howl Bitmap #cards 512 size 80 coarsen threshold 460 Card regions per heap region 1 cards per card region 2048
 CPUs: 8 total, 8 available
 Memory: 7932M
 Large Page Support: Disabled
 NUMA Support: Disabled
 Compressed Oops: Enabled (32-bit)
 Heap Region Size: 1M
 Heap Min Capacity: 8M
 Heap Initial Capacity: 124M
 Heap Max Capacity: 2G
 Pre-touch: Disabled
 Parallel Workers: 8
 Concurrent Workers: 2
 Concurrent Refinement Workers: 8
 Periodic GC: Disabled
Heap:
 garbage-first heap   total reserved 2097152K, committed 152576K, used 67470K [0x0000000080000000, 0x0000000100000000)
  region size 1024K, 19 young (19456K), 6 survivors (6144K)
 Metaspace       used 49016K, committed 50496K, reserved 491520K
  class space    used 6971K, committed 7680K, reserved 425984K
GC Heap History (20 events):
Event: 6.398 GC heap before
{Heap before GC invocations=6 (full 0):
 garbage-first heap   total reserved 2097152K, committed 89088K, used 71833K [0x0000000080000000, 0x0000000100000000)
  region size 1024K, 50 young (51200K), 7 survivors (7168K)
 Metaspace       used 33362K, committed 34560K, reserved 491520K
  class space    used 4978K, committed 5568K, reserved 425984K
}
Event: 6.410 GC heap after
{Heap after GC invocations=7 (full 0):
 garbage-first heap   total reserved 2097152K, committed 89088K, used 31345K [0x0000000080000000, 0x0000000100000000)
  region size 1024K, 3 young (3072K), 3 survivors (3072K)
 Metaspace       used 33362K, committed 34560K, reserved 491520K
  class space    used 4978K, committed 5568K, reserved 425984K
}
Event: 6.607 GC heap before
{Heap before GC invocations=7 (full 0):
 garbage-first heap   total reserved 2097152K, committed 89088K, used 58993K [0x0000000080000000, 0x0000000100000000)
  region size 1024K, 31 young (31744K), 3 survivors (3072K)
 Metaspace       used 34769K, committed 35968K, reserved 491520K
  class space    used 5235K, committed 5824K, reserved 425984K
}
Event: 6.611 GC heap after
{Heap after GC invocations=8 (full 0):
 garbage-first heap   total reserved 2097152K, committed 107520K, used 32215K [0x0000000080000000, 0x0000000100000000)
  region size 1024K, 4 young (4096K), 4 survivors (4096K)
 Metaspace       used 34769K, committed 35968K, reserved 491520K
  class space    used 5235K, committed 5824K, reserved 425984K
}
Event: 7.650 GC heap before
{Heap before GC invocations=9 (full 0):
 garbage-first heap   total reserved 2097152K, committed 107520K, used 91607K [0x0000000080000000, 0x0000000100000000)
  region size 1024K, 62 young (63488K), 4 survivors (4096K)
 Metaspace       used 42024K, committed 43264K, reserved 491520K
  class space    used 6116K, committed 6720K, reserved 425984K
}
Event: 7.657 GC heap after
{Heap after GC invocations=10 (full 0):
 garbage-first heap   total reserved 2097152K, committed 107520K, used 37045K [0x0000000080000000, 0x0000000100000000)
  region size 1024K, 8 young (8192K), 8 survivors (8192K)
 Metaspace       used 42024K, committed 43264K, reserved 491520K
  class space    used 6116K, committed 6720K, reserved 425984K
}
Event: 8.293 GC heap before
{Heap before GC invocations=10 (full 0):
 garbage-first heap   total reserved 2097152K, committed 107520K, used 97461K [0x0000000080000000, 0x0000000100000000)
  region size 1024K, 62 young (63488K), 8 survivors (8192K)
 Metaspace       used 44504K, committed 45760K, reserved 491520K
  class space    used 6368K, committed 6976K, reserved 425984K
}
Event: 8.303 GC heap after
{Heap after GC invocations=11 (full 0):
 garbage-first heap   total reserved 2097152K, committed 112640K, used 42491K [0x0000000080000000, 0x0000000100000000)
  region size 1024K, 6 young (6144K), 6 survivors (6144K)
 Metaspace       used 44504K, committed 45760K, reserved 491520K
  class space    used 6368K, committed 6976K, reserved 425984K
}
Event: 8.389 GC heap before
{Heap before GC invocations=11 (full 0):
 garbage-first heap   total reserved 2097152K, committed 112640K, used 97787K [0x0000000080000000, 0x0000000100000000)
  region size 1024K, 60 young (61440K), 6 survivors (6144K)
 Metaspace       used 44512K, committed 45824K, reserved 491520K
  class space    used 6368K, committed 6976K, reserved 425984K
}
Event: 8.395 GC heap after
{Heap after GC invocations=12 (full 0):
 garbage-first heap   total reserved 2097152K, committed 112640K, used 44243K [0x0000000080000000, 0x0000000100000000)
  region size 1024K, 3 young (3072K), 3 survivors (3072K)
 Metaspace       used 44512K, committed 45824K, reserved 491520K
  class space    used 6368K, committed 6976K, reserved 425984K
}
Event: 8.547 GC heap before
{Heap before GC invocations=12 (full 0):
 garbage-first heap   total reserved 2097152K, committed 112640K, used 98515K [0x0000000080000000, 0x0000000100000000)
  region size 1024K, 56 young (57344K), 3 survivors (3072K)
 Metaspace       used 44535K, committed 45824K, reserved 491520K
  class space    used 6368K, committed 6976K, reserved 425984K
}
Event: 8.554 GC heap after
{Heap after GC invocations=13 (full 0):
 garbage-first heap   total reserved 2097152K, committed 112640K, used 47054K [0x0000000080000000, 0x0000000100000000)
  region size 1024K, 6 young (6144K), 6 survivors (6144K)
 Metaspace       used 44535K, committed 45824K, reserved 491520K
  class space    used 6368K, committed 6976K, reserved 425984K
}
Event: 9.325 GC heap before
{Heap before GC invocations=13 (full 0):
 garbage-first heap   total reserved 2097152K, committed 112640K, used 99278K [0x0000000080000000, 0x0000000100000000)
  region size 1024K, 57 young (58368K), 6 survivors (6144K)
 Metaspace       used 45869K, committed 47168K, reserved 491520K
  class space    used 6507K, committed 7104K, reserved 425984K
}
Event: 9.333 GC heap after
{Heap after GC invocations=14 (full 0):
 garbage-first heap   total reserved 2097152K, committed 112640K, used 50045K [0x0000000080000000, 0x0000000100000000)
  region size 1024K, 6 young (6144K), 6 survivors (6144K)
 Metaspace       used 45869K, committed 47168K, reserved 491520K
  class space    used 6507K, committed 7104K, reserved 425984K
}
Event: 9.474 GC heap before
{Heap before GC invocations=14 (full 0):
 garbage-first heap   total reserved 2097152K, committed 112640K, used 100221K [0x0000000080000000, 0x0000000100000000)
  region size 1024K, 55 young (56320K), 6 survivors (6144K)
 Metaspace       used 45909K, committed 47232K, reserved 491520K
  class space    used 6507K, committed 7104K, reserved 425984K
}
Event: 9.481 GC heap after
{Heap after GC invocations=15 (full 0):
 garbage-first heap   total reserved 2097152K, committed 149504K, used 51237K [0x0000000080000000, 0x0000000100000000)
  region size 1024K, 5 young (5120K), 5 survivors (5120K)
 Metaspace       used 45909K, committed 47232K, reserved 491520K
  class space    used 6507K, committed 7104K, reserved 425984K
}
Event: 10.738 GC heap before
{Heap before GC invocations=15 (full 0):
 garbage-first heap   total reserved 2097152K, committed 149504K, used 142373K [0x0000000080000000, 0x0000000100000000)
  region size 1024K, 85 young (87040K), 5 survivors (5120K)
 Metaspace       used 48900K, committed 50432K, reserved 491520K
  class space    used 6970K, committed 7680K, reserved 425984K
}
Event: 10.745 GC heap after
{Heap after GC invocations=16 (full 0):
 garbage-first heap   total reserved 2097152K, committed 152576K, used 54592K [0x0000000080000000, 0x0000000100000000)
  region size 1024K, 8 young (8192K), 8 survivors (8192K)
 Metaspace       used 48900K, committed 50432K, reserved 491520K
  class space    used 6970K, committed 7680K, reserved 425984K
}
Event: 11.137 GC heap before
{Heap before GC invocations=16 (full 0):
 garbage-first heap   total reserved 2097152K, committed 152576K, used 135488K [0x0000000080000000, 0x0000000100000000)
  region size 1024K, 87 young (89088K), 8 survivors (8192K)
 Metaspace       used 48978K, committed 50496K, reserved 491520K
  class space    used 6970K, committed 7680K, reserved 425984K
}
Event: 11.143 GC heap after
{Heap after GC invocations=17 (full 0):
 garbage-first heap   total reserved 2097152K, committed 152576K, used 55235K [0x0000000080000000, 0x0000000100000000)
  region size 1024K, 6 young (6144K), 6 survivors (6144K)
 Metaspace       used 48978K, committed 50496K, reserved 491520K
  class space    used 6970K, committed 7680K, reserved 425984K
}

